<?xml version="1.0" encoding="UTF-8"?>
<!-- Generated by org.testng.reporters.JUnitReportReporter -->
<testsuite hostname="DESKTOP-HU5627B" failures="0" tests="1" name="com.AmazonAutomation.QA.LoginPageObjects.displayBabyOilPdoductsPageObjects" time="2.820" errors="0" timestamp="2023-02-11T14:10:42 IST" skipped="0">
  <testcase classname="com.AmazonAutomation.QA.LoginPageObjects.displayBabyOilPdoductsPageObjects" name="initilize" time="2.820"/>
  <system-out/>
</testsuite> <!-- com.AmazonAutomation.QA.LoginPageObjects.displayBabyOilPdoductsPageObjects -->
