<?xml version="1.0" encoding="UTF-8"?>
<!-- Generated by org.testng.reporters.JUnitReportReporter -->
<testsuite hostname="DESKTOP-HU5627B" failures="0" tests="1" name="com.AmazonAutomation.QA.LoginPageObjects.BestSellerPageBabyProductsObject" time="3.572" errors="0" timestamp="2023-02-07T14:56:37 IST" skipped="0">
  <testcase classname="com.AmazonAutomation.QA.LoginPageObjects.BestSellerPageBabyProductsObject" name="initilize" time="3.572"/>
  <system-out/>
</testsuite> <!-- com.AmazonAutomation.QA.LoginPageObjects.BestSellerPageBabyProductsObject -->
