<?xml version="1.0" encoding="UTF-8"?>
<!-- Generated by org.testng.reporters.JUnitReportReporter -->
<testsuite hostname="DESKTOP-HU5627B" failures="0" tests="8" name="com.AmazonAutomation.QA.TestCases.BestSellerTestCase" time="86.818" errors="0" timestamp="2023-02-11T14:01:59 IST" skipped="0">
  <testcase classname="com.AmazonAutomation.QA.TestCases.BestSellerTestCase" name="creatObjects" time="0.005"/>
  <system-out/>
  <testcase classname="com.AmazonAutomation.QA.TestCases.BestSellerTestCase" name="launchandLogin" time="3.303"/>
  <system-out/>
  <testcase classname="com.AmazonAutomation.QA.TestCases.BestSellerTestCase" name="initilize" time="2.468"/>
  <system-out/>
  <testcase classname="com.AmazonAutomation.QA.TestCases.BestSellerTestCase" name="babyProducts" time="7.938"/>
  <system-out/>
  <testcase classname="com.AmazonAutomation.QA.TestCases.BestSellerTestCase" name="babyToddlerToys" time="5.460"/>
  <system-out/>
  <testcase classname="com.AmazonAutomation.QA.TestCases.BestSellerTestCase" name="ratingstars" time="57.247"/>
  <system-out/>
  <testcase classname="com.AmazonAutomation.QA.TestCases.BestSellerTestCase" name="swingRockers" time="10.388"/>
  <system-out/>
  <testcase classname="com.AmazonAutomation.QA.TestCases.BestSellerTestCase" name="signout" time="0.009"/>
  <system-out/>
</testsuite> <!-- com.AmazonAutomation.QA.TestCases.BestSellerTestCase -->
