<?xml version="1.0" encoding="UTF-8"?>
<!-- Generated by org.testng.reporters.JUnitReportReporter -->
<testsuite hostname="DESKTOP-HU5627B" failures="1" tests="6" name="com.AmazonAutomation.QA.TestCases.displayBabyoilProductsObjectTestCase" time="15.650" errors="0" timestamp="2023-02-11T14:49:26 IST" skipped="1">
  <testcase classname="com.AmazonAutomation.QA.TestCases.displayBabyoilProductsObjectTestCase" name="initilize" time="2.846"/>
  <system-out/>
  <testcase classname="com.AmazonAutomation.QA.TestCases.displayBabyoilProductsObjectTestCase" name="launchandLogin" time="3.359"/>
  <system-out/>
  <testcase classname="com.AmazonAutomation.QA.TestCases.displayBabyoilProductsObjectTestCase" name="Login" time="0.003"/>
  <system-out/>
  <testcase classname="com.AmazonAutomation.QA.TestCases.displayBabyoilProductsObjectTestCase" name="displayBabyoilProucts_validdata" time="6.763">
    <failure message="The following asserts failed:
	TestCase Failed For Invalid Johnson&#039;s Non-Sticky Baby Oil with Vitamin E for Easy Spread and Massage (Clear, 500ml) expected [true] but found [false]" type="java.lang.AssertionError">
      <![CDATA[java.lang.AssertionError: The following asserts failed:
TestCase Failed For Invalid Johnson's Non-Sticky Baby Oil with Vitamin E for Easy Spread and Massage (Clear, 500ml) expected [true] but found [false]
at org.testng.asserts.SoftAssert.assertAll(SoftAssert.java:47)
at org.testng.asserts.SoftAssert.assertAll(SoftAssert.java:31)
at com.AmazonAutomation.QA.Utility.UtilClass.raiseAssertForDataInSearchBox(UtilClass.java:80)
at com.AmazonAutomation.QA.LoginPageObjects.displayBabyOilPdoductsPageObjects.displayBabyoilProucts_validdata(displayBabyOilPdoductsPageObjects.java:51)
at com.AmazonAutomation.QA.TestCases.displayBabyoilProductsObjectTestCase.displayBabyoilProucts_validdata(displayBabyoilProductsObjectTestCase.java:35)
at java.base/jdk.internal.reflect.NativeMethodAccessorImpl.invoke0(Native Method)
at java.base/jdk.internal.reflect.NativeMethodAccessorImpl.invoke(NativeMethodAccessorImpl.java:77)
at java.base/jdk.internal.reflect.DelegatingMethodAccessorImpl.invoke(DelegatingMethodAccessorImpl.java:43)
at java.base/java.lang.reflect.Method.invoke(Method.java:568)
at org.testng.internal.MethodInvocationHelper.invokeMethod(MethodInvocationHelper.java:133)
at org.testng.internal.TestInvoker.invokeMethod(TestInvoker.java:598)
at org.testng.internal.TestInvoker.invokeTestMethod(TestInvoker.java:173)
at org.testng.internal.MethodRunner.runInSequence(MethodRunner.java:46)
at org.testng.internal.TestInvoker$MethodInvocationAgent.invoke(TestInvoker.java:824)
at org.testng.internal.TestInvoker.invokeTestMethods(TestInvoker.java:146)
at org.testng.internal.TestMethodWorker.invokeTestMethods(TestMethodWorker.java:146)
at org.testng.internal.TestMethodWorker.run(TestMethodWorker.java:128)
at java.base/java.util.ArrayList.forEach(ArrayList.java:1511)
at org.testng.TestRunner.privateRun(TestRunner.java:794)
at org.testng.TestRunner.run(TestRunner.java:596)
at org.testng.SuiteRunner.runTest(SuiteRunner.java:377)
at org.testng.SuiteRunner.runSequentially(SuiteRunner.java:371)
at org.testng.SuiteRunner.privateRun(SuiteRunner.java:332)
at org.testng.SuiteRunner.run(SuiteRunner.java:276)
at org.testng.SuiteRunnerWorker.runSuite(SuiteRunnerWorker.java:53)
at org.testng.SuiteRunnerWorker.run(SuiteRunnerWorker.java:96)
at org.testng.TestNG.runSuitesSequentially(TestNG.java:1212)
at org.testng.TestNG.runSuitesLocally(TestNG.java:1134)
at org.testng.TestNG.runSuites(TestNG.java:1063)
at org.testng.TestNG.run(TestNG.java:1031)
at org.testng.remote.AbstractRemoteTestNG.run(AbstractRemoteTestNG.java:115)
at org.testng.remote.RemoteTestNG.initAndRun(RemoteTestNG.java:251)
at org.testng.remote.RemoteTestNG.main(RemoteTestNG.java:77)
]]>
    </failure>
  </testcase> <!-- displayBabyoilProucts_validdata -->
  <system-out/>
  <testcase classname="com.AmazonAutomation.QA.TestCases.displayBabyoilProductsObjectTestCase" name="displaydropdown" time="2.679"/>
  <system-out/>
  <testcase classname="com.AmazonAutomation.QA.TestCases.displayBabyoilProductsObjectTestCase" name="signout">
    <skipped/>
  </testcase> <!-- signout -->
  <system-out/>
</testsuite> <!-- com.AmazonAutomation.QA.TestCases.displayBabyoilProductsObjectTestCase -->
