<?xml version="1.0" encoding="UTF-8"?>
<!-- Generated by org.testng.reporters.JUnitReportReporter -->
<testsuite hostname="DESKTOP-HU5627B" failures="0" tests="1" name="com.AmazonAutomation.QA.LoginPageObjects.BabyShoesPageObjects" time="3.173" errors="0" timestamp="2023-02-08T17:12:30 IST" skipped="0">
  <testcase classname="com.AmazonAutomation.QA.LoginPageObjects.BabyShoesPageObjects" name="initilize" time="3.173"/>
  <system-out/>
</testsuite> <!-- com.AmazonAutomation.QA.LoginPageObjects.BabyShoesPageObjects -->
