<?xml version="1.0" encoding="UTF-8"?>
<!-- Generated by org.testng.reporters.JUnitReportReporter -->
<testsuite hostname="DESKTOP-HU5627B" failures="0" tests="3" name="com.AmazonAutomation.QA.TestCases.LoginPageTestCase" time="15.456" errors="0" timestamp="2023-02-14T11:35:08 IST" skipped="0">
  <testcase classname="com.AmazonAutomation.QA.TestCases.LoginPageTestCase" name="launchandLogin" time="5.240"/>
  <system-out/>
  <testcase classname="com.AmazonAutomation.QA.TestCases.LoginPageTestCase" name="Login" time="3.133"/>
  <system-out/>
  <testcase classname="com.AmazonAutomation.QA.TestCases.LoginPageTestCase" name="signout" time="7.083"/>
  <system-out/>
</testsuite> <!-- com.AmazonAutomation.QA.TestCases.LoginPageTestCase -->
