<?xml version="1.0" encoding="UTF-8"?>
<!-- Generated by org.testng.reporters.JUnitReportReporter -->
<testsuite hostname="DESKTOP-HU5627B" failures="0" tests="5" name="com.AmazonAutomation.QA.TestCases.BabyCareTestCase" time="23.356" errors="0" timestamp="2023-02-09T20:35:58 IST" skipped="0">
  <testcase classname="com.AmazonAutomation.QA.TestCases.BabyCareTestCase" name="initilize" time="2.685"/>
  <system-out/>
  <testcase classname="com.AmazonAutomation.QA.TestCases.BabyCareTestCase" name="creatObjects" time="0.006"/>
  <system-out/>
  <testcase classname="com.AmazonAutomation.QA.TestCases.BabyCareTestCase" name="launchandLogin" time="5.040"/>
  <system-out/>
  <testcase classname="com.AmazonAutomation.QA.TestCases.BabyCareTestCase" name="babcareProducts" time="15.621"/>
  <system-out/>
  <testcase classname="com.AmazonAutomation.QA.TestCases.BabyCareTestCase" name="sinout" time="0.004"/>
  <system-out/>
</testsuite> <!-- com.AmazonAutomation.QA.TestCases.BabyCareTestCase -->
