<?xml version="1.0" encoding="UTF-8"?>
<!-- Generated by org.testng.reporters.JUnitReportReporter -->
<testsuite hostname="DESKTOP-HU5627B" failures="0" tests="1" name="com.AmazonAutomation.QA.LoginPageObjects.LoginPageObjects" time="2.777" errors="0" timestamp="2023-02-07T23:05:55 IST" skipped="0">
  <testcase classname="com.AmazonAutomation.QA.LoginPageObjects.LoginPageObjects" name="initilize" time="2.777"/>
  <system-out/>
</testsuite> <!-- com.AmazonAutomation.QA.LoginPageObjects.LoginPageObjects -->
