<?xml version="1.0" encoding="UTF-8"?>
<!-- Generated by org.testng.reporters.JUnitReportReporter -->
<testsuite hostname="DESKTOP-HU5627B" failures="0" tests="1" name="com.AmazonAutomation.BaseClass.BaseClass" time="5.240" errors="0" timestamp="2023-02-13T21:24:13 IST" skipped="0">
  <testcase classname="com.AmazonAutomation.BaseClass.BaseClass" name="initilize" time="5.240"/>
  <system-out/>
</testsuite> <!-- com.AmazonAutomation.BaseClass.BaseClass -->
